2018-08-16 09:57:05 TRACE Main:9 - Entré dans le programme
2018-08-16 09:57:06 TRACE Accueil:118 - Lancement du jeu recherche
2018-08-16 09:57:06 TRACE Recherche:22 - Lancement du mode duel
2018-08-16 09:57:14 DEBUG RechercheDuel:164 - le joueur choisi la combinaison suivante pour l'IA : 91
2018-08-16 09:57:14 DEBUG RechercheDuel:180 - La solution aléatoire du joueur est : 88
2018-08-16 09:57:29 TRACE RechercheDuel:268 - Le joueur gagne
2018-08-16 09:57:33 TRACE RechercheDuel:311 - Le joueur quitte le jeu
2018-08-16 15:02:30 TRACE Main:9 - Entré dans le programme
2018-08-16 15:02:32 TRACE Accueil:102 - Lancement du jeu recherche
2018-08-16 15:02:32 TRACE Recherche:14 - Lancement du mode challenger
2018-08-16 15:02:32 DEBUG RechercheChallenger:90 - La solution aléatoire est : 81
2018-08-16 15:03:28 TRACE Main:9 - Entré dans le programme
2018-08-16 15:03:31 TRACE Accueil:102 - Lancement du jeu recherche
2018-08-16 15:03:31 TRACE Recherche:14 - Lancement du mode challenger
2018-08-16 15:03:31 DEBUG RechercheChallenger:90 - La solution aléatoire est : 87
2018-08-16 15:03:44 DEBUG RechercheChallenger:165 - Saisie du joueur : 55
2018-08-16 15:03:53 DEBUG RechercheChallenger:165 - Saisie du joueur : 77
2018-08-16 15:03:57 DEBUG RechercheChallenger:165 - Saisie du joueur : 87
2018-08-16 15:03:57 INFO  RechercheChallenger:226 - Le joueur gagne il lui reste 2 vie(s)
2018-08-16 15:04:01 TRACE RechercheChallenger:285 - Le joueur quitte le jeu
2018-08-16 15:04:12 TRACE Main:9 - Entré dans le programme
2018-08-16 15:04:15 TRACE Accueil:102 - Lancement du jeu recherche
2018-08-16 15:04:15 TRACE Recherche:14 - Lancement du mode challenger
2018-08-16 15:04:15 DEBUG RechercheChallenger:90 - La solution aléatoire est : 860107616
2018-08-16 15:04:26 DEBUG RechercheChallenger:165 - Saisie du joueur : 0
2018-08-16 15:05:24 TRACE Main:9 - Entré dans le programme
2018-08-16 15:05:27 TRACE Accueil:102 - Lancement du jeu recherche
2018-08-16 15:05:27 TRACE Recherche:14 - Lancement du mode challenger
2018-08-16 15:05:27 DEBUG RechercheChallenger:90 - La solution aléatoire est : 845884645
2018-08-16 15:05:36 DEBUG RechercheChallenger:165 - Saisie du joueur : 0
2018-08-16 15:06:01 TRACE Main:9 - Entré dans le programme
2018-08-16 15:06:03 TRACE Accueil:102 - Lancement du jeu recherche
2018-08-16 15:06:03 TRACE Recherche:14 - Lancement du mode challenger
2018-08-16 15:06:03 DEBUG RechercheChallenger:90 - La solution aléatoire est : 047699013
2018-08-16 15:06:12 DEBUG RechercheChallenger:165 - Saisie du joueur : 0
2018-08-16 15:06:38 TRACE Main:9 - Entré dans le programme
2018-08-16 15:06:40 TRACE Accueil:102 - Lancement du jeu recherche
2018-08-16 15:06:40 TRACE Recherche:14 - Lancement du mode challenger
2018-08-16 15:06:40 DEBUG RechercheChallenger:90 - La solution aléatoire est : 3247195682
2018-08-16 15:06:48 DEBUG RechercheChallenger:165 - Saisie du joueur : 0
2018-08-16 15:07:08 WARN  RechercheChallenger:246 - Mauvaise saisie du joueur
2018-08-16 15:07:08 WARN  RechercheChallenger:247 - java.lang.NumberFormatException: For input string: "3247195682"
2018-08-16 15:08:15 WARN  RechercheChallenger:246 - Mauvaise saisie du joueur
2018-08-16 15:08:15 WARN  RechercheChallenger:247 - java.lang.NumberFormatException: For input string: "2247195682"
2018-08-16 15:08:23 DEBUG RechercheChallenger:165 - Saisie du joueur : 2147195682
2018-08-16 15:08:38 TRACE Main:9 - Entré dans le programme
2018-08-16 15:08:48 TRACE Main:9 - Entré dans le programme
2018-08-16 15:08:50 TRACE Accueil:102 - Lancement du jeu recherche
2018-08-16 15:08:50 TRACE Recherche:14 - Lancement du mode challenger
2018-08-16 15:08:50 DEBUG RechercheChallenger:90 - La solution aléatoire est : 1574
2018-08-16 15:08:59 TRACE Main:9 - Entré dans le programme
2018-08-16 15:09:01 TRACE Accueil:102 - Lancement du jeu recherche
2018-08-16 15:09:01 TRACE Recherche:14 - Lancement du mode challenger
2018-08-16 15:09:01 DEBUG RechercheChallenger:90 - La solution aléatoire est : 8885
2018-08-16 15:09:10 DEBUG RechercheChallenger:165 - Saisie du joueur : 5555
2018-08-16 15:09:16 DEBUG RechercheChallenger:165 - Saisie du joueur : 7775
2018-08-16 15:09:22 DEBUG RechercheChallenger:165 - Saisie du joueur : 8885
2018-08-16 15:09:22 INFO  RechercheChallenger:226 - Le joueur gagne il lui reste 2 vie(s)
2018-08-16 15:09:25 TRACE RechercheChallenger:277 - le joueur veut changer de jeu
2018-08-16 15:09:30 TRACE Accueil:110 - Lancement du jeu recherche
2018-08-16 15:09:30 TRACE Recherche:18 - Lancement du mode deffenseur
2018-08-16 15:10:18 TRACE Main:9 - Entré dans le programme
2018-08-16 15:10:20 TRACE Accueil:110 - Lancement du jeu recherche
2018-08-16 15:10:20 TRACE Recherche:18 - Lancement du mode deffenseur
2018-08-16 15:10:27 DEBUG RechercheDeffenseur:144 - Le joueur choisi la combinaison :0
2018-08-16 15:10:27 DEBUG RechercheDeffenseur:210 - Résolution par l'ordinateur : 5555 - 2222 - 1111 - 0000 -  en 4 boucle(s)
2018-08-16 15:11:16 TRACE Main:9 - Entré dans le programme
2018-08-16 15:11:18 TRACE Accueil:118 - Lancement du jeu recherche
2018-08-16 15:11:18 TRACE Recherche:22 - Lancement du mode duel
2018-08-16 15:11:54 TRACE Main:9 - Entré dans le programme
2018-08-16 15:11:56 TRACE Accueil:118 - Lancement du jeu recherche
2018-08-16 15:11:56 TRACE Recherche:22 - Lancement du mode duel
2018-08-16 15:12:04 DEBUG RechercheDuel:163 - le joueur choisi la combinaison suivante pour l'IA : 5950
2018-08-16 15:12:04 DEBUG RechercheDuel:179 - La solution aléatoire du joueur est : 8182
2018-08-16 15:12:33 TRACE RechercheDuel:267 - Le joueur gagne
2018-08-16 15:12:36 TRACE RechercheDuel:310 - Le joueur quitte le jeu
2018-08-26 18:09:11 TRACE Main:9 - Entré dans le programme
2018-08-26 18:09:30 TRACE Accueil:102 - Lancement du jeu recherche
2018-08-26 18:09:30 TRACE Recherche:14 - Lancement du mode challenger
2018-08-26 18:09:30 DEBUG RechercheChallenger:90 - La solution aléatoire est : 5431
2018-08-26 18:09:59 DEBUG RechercheChallenger:165 - Saisie du joueur : 5555
2018-08-26 18:10:13 DEBUG RechercheChallenger:165 - Saisie du joueur : 5222
2018-08-26 18:10:47 DEBUG RechercheChallenger:165 - Saisie du joueur : 5441
2018-08-26 18:11:06 DEBUG RechercheChallenger:165 - Saisie du joueur : 5431
2018-08-26 18:11:06 INFO  RechercheChallenger:226 - Le joueur gagne il lui reste 1 vie(s)
2018-08-26 18:11:09 TRACE RechercheChallenger:265 - Le joueur rejour au même jeu
2018-08-26 18:11:09 DEBUG RechercheChallenger:90 - La solution aléatoire est : 2038
2018-08-26 18:11:47 DEBUG RechercheChallenger:165 - Saisie du joueur : 5555
2018-08-26 18:12:08 DEBUG RechercheChallenger:165 - Saisie du joueur : 4446
2018-08-26 18:12:28 DEBUG RechercheChallenger:165 - Saisie du joueur : 3337
2018-08-26 18:12:55 DEBUG RechercheChallenger:165 - Saisie du joueur : 2238
2018-08-26 18:13:09 DEBUG RechercheChallenger:165 - Saisie du joueur : 2138
2018-08-26 18:13:09 INFO  RechercheChallenger:234 - Le joueur à perdu
2018-08-26 18:13:18 TRACE RechercheChallenger:277 - le joueur veut changer de jeu
2018-08-26 18:13:22 TRACE Accueil:110 - Lancement du jeu recherche
2018-08-26 18:13:22 TRACE Recherche:18 - Lancement du mode deffenseur
2018-08-26 18:13:39 DEBUG RechercheDeffenseur:144 - Le joueur choisi la combinaison :9046
2018-08-26 18:13:39 DEBUG RechercheDeffenseur:210 - Résolution par l'ordinateur : 5555 - 7227 - 8136 - 9046 -  en 4 boucle(s)
2018-08-26 18:13:56 TRACE RechercheDeffenseur:241 - Le joueur choisi de changer de jeu
2018-08-26 18:14:01 TRACE Accueil:118 - Lancement du jeu recherche
2018-08-26 18:14:01 TRACE Recherche:22 - Lancement du mode duel
2018-08-26 18:14:13 DEBUG RechercheDuel:163 - le joueur choisi la combinaison suivante pour l'IA : 9073
2018-08-26 18:14:13 DEBUG RechercheDuel:179 - La solution aléatoire du joueur est : 3666
2018-08-26 18:14:56 TRACE RechercheDuel:267 - Le joueur gagne
2018-08-26 18:15:23 TRACE RechercheDuel:293 - Le joueur choisi de rejouer
2018-08-26 18:15:49 DEBUG RechercheDuel:163 - le joueur choisi la combinaison suivante pour l'IA : 5557
2018-08-26 18:15:49 DEBUG RechercheDuel:179 - La solution aléatoire du joueur est : 9142
2018-08-26 18:16:00 TRACE RechercheDuel:272 - L'IA gagne
2018-08-26 18:16:10 TRACE RechercheDuel:293 - Le joueur choisi de rejouer
2018-08-26 18:16:16 DEBUG RechercheDuel:163 - le joueur choisi la combinaison suivante pour l'IA : 9046
2018-08-26 18:16:16 DEBUG RechercheDuel:179 - La solution aléatoire du joueur est : 4793
2018-08-26 18:16:24 TRACE RechercheDuel:267 - Le joueur gagne
2018-08-26 18:16:46 TRACE RechercheDuel:302 - Le joueur choisi de changer de jeu
2018-08-26 18:18:50 TRACE Main:9 - Entré dans le programme
2018-08-26 18:18:53 TRACE Accueil:102 - Lancement du jeu recherche
2018-08-26 18:18:53 TRACE Recherche:14 - Lancement du mode challenger
2018-08-26 18:18:53 DEBUG RechercheChallenger:90 - La solution aléatoire est : 33
2018-08-26 18:19:00 DEBUG RechercheChallenger:165 - Saisie du joueur : 55
2018-08-26 18:19:18 DEBUG RechercheChallenger:165 - Saisie du joueur : 33
2018-08-26 18:19:18 INFO  RechercheChallenger:226 - Le joueur gagne il lui reste 3 vie(s)
2018-08-26 18:19:21 TRACE RechercheChallenger:285 - Le joueur quitte le jeu
2018-08-28 10:24:35 TRACE Main:9 - Entré dans le programme
2018-08-28 10:24:38 TRACE Accueil:101 - Lancement du jeu recherche
2018-08-28 10:24:38 TRACE Recherche:14 - Lancement du mode challenger
2018-08-28 10:24:38 DEBUG RechercheChallenger:87 - La solution aléatoire est : 9677
2018-08-28 10:24:45 DEBUG RechercheChallenger:162 - Saisie du joueur : 0
2018-08-28 10:24:49 DEBUG RechercheChallenger:162 - Saisie du joueur : 9999
2018-08-28 10:24:56 DEBUG RechercheChallenger:162 - Saisie du joueur : 9677
2018-08-28 10:24:56 INFO  RechercheChallenger:223 - Le joueur gagne il lui reste 2 vie(s)
2018-08-28 10:24:57 TRACE RechercheChallenger:274 - le joueur veut changer de jeu
2018-08-28 10:24:58 TRACE Accueil:126 - Lancement du Mastermind
2018-08-28 10:24:58 TRACE Mastermind:14 - Lancement du mode challenger
2018-08-28 10:25:10 TRACE Main:9 - Entré dans le programme
2018-08-28 10:25:12 TRACE Accueil:134 - Lancement du Mastermind
2018-08-28 10:25:12 TRACE Mastermind:18 - Lancement du mode deffenseur
2018-08-28 10:25:17 TRACE Main:9 - Entré dans le programme
2018-08-28 10:25:19 TRACE Accueil:142 - Lancement du jeu recherche
2018-08-28 10:25:19 TRACE Mastermind:22 - Lancement du mode duel
2018-08-28 10:56:10 TRACE Main:9 - Entré dans le programme
2018-08-28 10:56:12 TRACE Accueil:126 - Lancement du Mastermind
2018-08-28 10:56:12 TRACE Mastermind:14 - Lancement du mode challenger
2018-08-28 10:56:41 TRACE Main:9 - Entré dans le programme
2018-08-28 10:56:43 TRACE Accueil:126 - Lancement du Mastermind
2018-08-28 10:56:43 TRACE Mastermind:14 - Lancement du mode challenger
2018-08-28 11:02:40 TRACE Main:9 - Entré dans le programme
2018-08-28 11:02:43 TRACE Accueil:126 - Lancement du Mastermind
2018-08-28 11:02:43 TRACE Mastermind:14 - Lancement du mode challenger
2018-08-28 11:04:00 TRACE Main:9 - Entré dans le programme
2018-08-28 11:04:02 TRACE Accueil:126 - Lancement du Mastermind
2018-08-28 11:04:02 TRACE Mastermind:14 - Lancement du mode challenger
2018-08-28 11:05:06 TRACE Main:9 - Entré dans le programme
2018-08-28 11:05:08 TRACE Accueil:126 - Lancement du Mastermind
2018-08-28 11:05:08 TRACE Mastermind:14 - Lancement du mode challenger
2018-08-28 11:06:20 TRACE Main:9 - Entré dans le programme
2018-08-28 11:06:22 TRACE Accueil:126 - Lancement du Mastermind
2018-08-28 11:06:22 TRACE Mastermind:14 - Lancement du mode challenger
2018-08-28 11:08:26 TRACE Main:9 - Entré dans le programme
2018-08-28 11:08:28 TRACE Accueil:126 - Lancement du Mastermind
2018-08-28 11:08:28 TRACE Mastermind:14 - Lancement du mode challenger
2018-08-28 11:08:58 TRACE Main:9 - Entré dans le programme
2018-08-28 11:09:02 TRACE Accueil:126 - Lancement du Mastermind
2018-08-28 11:09:02 TRACE Mastermind:14 - Lancement du mode challenger
2018-08-28 11:24:38 TRACE Main:9 - Entré dans le programme
2018-08-28 11:24:40 TRACE Accueil:126 - Lancement du Mastermind
2018-08-28 11:24:40 TRACE Mastermind:14 - Lancement du mode challenger
2018-08-28 11:25:06 TRACE Main:9 - Entré dans le programme
2018-08-28 11:25:08 TRACE Accueil:101 - Lancement du jeu recherche
2018-08-28 11:25:08 TRACE Recherche:14 - Lancement du mode challenger
2018-08-28 11:25:08 DEBUG RechercheChallenger:87 - La solution aléatoire est : 2697
2018-08-28 11:25:13 WARN  RechercheChallenger:243 - Mauvaise saisie du joueur
2018-08-28 11:25:13 WARN  RechercheChallenger:244 - java.lang.NumberFormatException: For input string: "a"
2018-08-28 11:26:54 TRACE Main:9 - Entré dans le programme
2018-08-28 11:26:56 TRACE Accueil:126 - Lancement du Mastermind
2018-08-28 11:26:56 TRACE Mastermind:14 - Lancement du mode challenger
2018-08-28 11:27:00 WARN  MastermindChallenger:94 - Mauvaise saisie du joueur
2018-08-28 11:27:00 WARN  MastermindChallenger:95 - java.lang.NumberFormatException: For input string: "a"
2018-08-28 13:10:56 TRACE Main:9 - Entré dans le programme
2018-08-28 13:11:00 TRACE Accueil:109 - Lancement du jeu recherche
2018-08-28 13:11:00 TRACE Recherche:18 - Lancement du mode deffenseur
2018-08-28 13:11:08 DEBUG RechercheDeffenseur:141 - Le joueur choisi la combinaison :3256
2018-08-28 13:11:08 DEBUG RechercheDeffenseur:207 - Résolution par l'ordinateur : 5555 - 2257 - 3256 -  en 3 boucle(s)
2018-08-28 13:11:11 TRACE RechercheDeffenseur:247 - Le joueur choisi de quitter le jeu
2018-08-28 13:11:18 TRACE Main:9 - Entré dans le programme
2018-08-28 13:11:20 TRACE Accueil:126 - Lancement du Mastermind
2018-08-28 13:11:20 TRACE Mastermind:14 - Lancement du mode challenger
2018-08-28 13:11:55 TRACE Main:9 - Entré dans le programme
2018-08-28 13:11:56 TRACE Accueil:126 - Lancement du Mastermind
2018-08-28 13:11:56 TRACE Mastermind:14 - Lancement du mode challenger
2018-08-28 13:27:55 TRACE Main:9 - Entré dans le programme
2018-08-28 13:27:57 TRACE Accueil:126 - Lancement du Mastermind
2018-08-28 13:27:57 TRACE Mastermind:14 - Lancement du mode challenger
2018-08-28 13:30:21 TRACE Main:9 - Entré dans le programme
2018-08-28 13:30:22 TRACE Accueil:126 - Lancement du Mastermind
2018-08-28 13:30:22 TRACE Mastermind:14 - Lancement du mode challenger
2018-08-28 13:31:00 TRACE Main:9 - Entré dans le programme
2018-08-28 13:31:53 TRACE Main:9 - Entré dans le programme
2018-08-28 13:31:55 TRACE Accueil:126 - Lancement du Mastermind
2018-08-28 13:31:55 TRACE Mastermind:14 - Lancement du mode challenger
2018-08-28 13:32:50 TRACE Main:9 - Entré dans le programme
2018-08-28 13:32:56 TRACE Accueil:126 - Lancement du Mastermind
2018-08-28 13:32:56 TRACE Mastermind:14 - Lancement du mode challenger
2018-08-28 13:34:40 TRACE Main:9 - Entré dans le programme
2018-08-28 13:34:44 TRACE Accueil:126 - Lancement du Mastermind
2018-08-28 13:34:44 TRACE Mastermind:14 - Lancement du mode challenger
2018-08-28 13:37:13 TRACE Main:9 - Entré dans le programme
2018-08-28 13:37:15 TRACE Accueil:126 - Lancement du Mastermind
2018-08-28 13:37:15 TRACE Mastermind:14 - Lancement du mode challenger
2018-08-28 13:39:12 TRACE Main:9 - Entré dans le programme
2018-08-28 13:39:14 TRACE Accueil:126 - Lancement du Mastermind
2018-08-28 13:39:14 TRACE Mastermind:14 - Lancement du mode challenger
2018-08-28 13:39:17 WARN  MastermindChallenger:140 - Mauvaise saisie du joueur
2018-08-28 13:39:17 WARN  MastermindChallenger:141 - java.lang.NumberFormatException: For input string: ""
2018-08-28 13:39:42 TRACE Main:9 - Entré dans le programme
2018-08-28 13:39:44 TRACE Accueil:126 - Lancement du Mastermind
2018-08-28 13:39:44 TRACE Mastermind:14 - Lancement du mode challenger
2018-08-28 13:40:08 TRACE Main:9 - Entré dans le programme
2018-08-28 13:40:10 TRACE Accueil:126 - Lancement du Mastermind
2018-08-28 13:40:10 TRACE Mastermind:14 - Lancement du mode challenger
2018-08-28 13:42:41 TRACE Main:9 - Entré dans le programme
2018-08-28 13:42:43 TRACE Accueil:126 - Lancement du Mastermind
2018-08-28 13:42:43 TRACE Mastermind:14 - Lancement du mode challenger
2018-08-28 13:42:48 WARN  MastermindChallenger:143 - Mauvaise saisie du joueur
2018-08-28 13:42:48 WARN  MastermindChallenger:144 - java.lang.NumberFormatException: For input string: "a"
2018-08-28 13:45:19 TRACE Main:9 - Entré dans le programme
2018-08-28 13:45:22 TRACE Accueil:126 - Lancement du Mastermind
2018-08-28 13:45:22 TRACE Mastermind:14 - Lancement du mode challenger
2018-08-28 13:45:26 WARN  MastermindChallenger:146 - Mauvaise saisie du joueur
2018-08-28 13:45:26 WARN  MastermindChallenger:147 - java.lang.ArrayIndexOutOfBoundsException: 9
2018-08-28 13:45:43 TRACE Main:9 - Entré dans le programme
2018-08-28 13:45:45 TRACE Accueil:126 - Lancement du Mastermind
2018-08-28 13:45:45 TRACE Mastermind:14 - Lancement du mode challenger
2018-08-28 13:46:38 TRACE Main:9 - Entré dans le programme
2018-08-28 13:46:40 TRACE Accueil:126 - Lancement du Mastermind
2018-08-28 13:46:40 TRACE Mastermind:14 - Lancement du mode challenger
2018-08-28 13:46:51 WARN  MastermindChallenger:146 - Mauvaise saisie du joueur
2018-08-28 13:46:51 WARN  MastermindChallenger:147 - java.lang.NumberFormatException: For input string: "a"
2018-08-28 13:47:41 TRACE Main:9 - Entré dans le programme
2018-08-28 13:47:43 TRACE Accueil:126 - Lancement du Mastermind
2018-08-28 13:47:43 TRACE Mastermind:14 - Lancement du mode challenger
2018-08-28 13:58:11 TRACE Main:9 - Entré dans le programme
2018-08-28 13:58:13 TRACE Accueil:126 - Lancement du Mastermind
2018-08-28 13:58:13 TRACE Mastermind:14 - Lancement du mode challenger
2018-08-28 13:58:20 INFO  MastermindChallenger:128 - Le joueur gagne il lui reste 5 vie(s)
2018-08-28 14:01:08 TRACE Main:9 - Entré dans le programme
2018-08-28 14:01:11 TRACE Accueil:126 - Lancement du Mastermind
2018-08-28 14:01:11 TRACE Mastermind:14 - Lancement du mode challenger
2018-08-28 14:01:20 INFO  MastermindChallenger:130 - Le joueur gagne il lui reste 5 vie(s)
2018-08-28 14:02:33 TRACE Main:9 - Entré dans le programme
2018-08-28 14:03:30 TRACE Main:9 - Entré dans le programme
2018-08-28 14:03:32 TRACE Accueil:126 - Lancement du Mastermind
2018-08-28 14:03:32 TRACE Mastermind:14 - Lancement du mode challenger
2018-08-28 14:04:16 TRACE Main:9 - Entré dans le programme
2018-08-28 14:04:18 TRACE Accueil:126 - Lancement du Mastermind
2018-08-28 14:04:18 TRACE Mastermind:14 - Lancement du mode challenger
2018-08-28 14:04:32 INFO  MastermindChallenger:130 - Le joueur gagne il lui reste 4 vie(s)
2018-08-28 14:05:21 TRACE Main:9 - Entré dans le programme
2018-08-28 14:05:23 TRACE Accueil:126 - Lancement du Mastermind
2018-08-28 14:05:23 TRACE Mastermind:14 - Lancement du mode challenger
2018-08-28 14:05:31 INFO  MastermindChallenger:130 - Le joueur gagne il lui reste 4 vie(s)
2018-08-28 14:05:34 TRACE MastermindChallenger:174 - Le joueur choisi de rejouer
2018-08-28 14:05:53 INFO  MastermindChallenger:137 - Le joueur gagne il lui reste 0 vie(s)
2018-08-28 14:05:57 TRACE MastermindChallenger:191 - Le joueur quitte le jeu
2018-08-28 14:06:24 TRACE Main:9 - Entré dans le programme
2018-08-28 14:06:30 TRACE Accueil:126 - Lancement du Mastermind
2018-08-28 14:06:30 TRACE Mastermind:14 - Lancement du mode challenger
2018-08-28 14:07:06 TRACE Main:9 - Entré dans le programme
2018-08-28 14:07:08 TRACE Accueil:126 - Lancement du Mastermind
2018-08-28 14:07:08 TRACE Mastermind:14 - Lancement du mode challenger
2018-08-28 14:07:20 INFO  MastermindChallenger:137 - Le joueur gagne il lui reste 1 vie(s)
2018-08-28 14:07:24 TRACE MastermindChallenger:191 - Le joueur quitte le jeu
2018-08-28 14:08:51 TRACE Main:9 - Entré dans le programme
2018-08-28 14:09:09 TRACE Main:9 - Entré dans le programme
2018-08-28 14:09:11 TRACE Accueil:126 - Lancement du Mastermind
2018-08-28 14:09:11 TRACE Mastermind:14 - Lancement du mode challenger
2018-08-28 14:09:28 INFO  MastermindChallenger:141 - Le joueur gagne il lui reste 1 vie(s)
2018-08-28 14:09:54 TRACE Main:9 - Entré dans le programme
2018-08-28 14:09:56 TRACE Accueil:126 - Lancement du Mastermind
2018-08-28 14:09:56 TRACE Mastermind:14 - Lancement du mode challenger
2018-08-28 14:10:10 INFO  MastermindChallenger:141 - Le joueur gagne il lui reste 1 vie(s)
2018-08-28 14:10:28 TRACE MastermindChallenger:195 - Le joueur quitte le jeu
2018-08-28 14:12:32 TRACE Main:9 - Entré dans le programme
2018-08-28 14:12:34 TRACE Accueil:126 - Lancement du Mastermind
2018-08-28 14:12:34 TRACE Mastermind:14 - Lancement du mode challenger
2018-08-28 14:12:47 INFO  MastermindChallenger:141 - Le joueur gagne il lui reste 1 vie(s)
2018-08-28 14:12:51 TRACE MastermindChallenger:195 - Le joueur quitte le jeu
